<?xml version="1.0" encoding="UTF-8"?>
<robot generator="Robot 7.2.2 (Python 3.13.3 on win32)" generated="2025-05-28T10:51:55.333043" rpa="false" schemaversion="5">
<suite id="s1" name="LoginTest" source="D:\SmartCliff_Robot\Smartcliff_RobotFramework\Bug_Slayers\TestCases\LoginTest.robot">
<test id="s1-t1" name="Valid credentials" line="13">
<kw name="Verify login with valid credentials">
<kw name="Open the browser with url" owner="GenericResources">
<kw name="Open Browser" owner="SeleniumLibrary">
<msg time="2025-05-28T10:51:55.682339" level="INFO">Opening browser 'chrome' to base url 'https://smart-cliff-admin.vercel.app/'.</msg>
<arg>${url}</arg>
<arg>${browser}</arg>
<doc>Opens a new browser instance to the optional ``url``.</doc>
<status status="PASS" start="2025-05-28T10:51:55.682158" elapsed="3.600107"/>
</kw>
<kw name="Maximize Browser Window" owner="SeleniumLibrary">
<doc>Maximizes current browser window.</doc>
<status status="PASS" start="2025-05-28T10:51:59.282577" elapsed="0.036328"/>
</kw>
<kw name="Set Selenium Implicit Wait" owner="SeleniumLibrary">
<arg>5</arg>
<doc>Sets the implicit wait value used by Selenium.</doc>
<status status="PASS" start="2025-05-28T10:51:59.319103" elapsed="0.001550"/>
</kw>
<status status="PASS" start="2025-05-28T10:51:55.681664" elapsed="3.639152"/>
</kw>
<kw name="Fill the login form" owner="LoginResource">
<kw name="Input Text" owner="SeleniumLibrary">
<msg time="2025-05-28T10:51:59.322037" level="INFO">Typing text 'Bugslayers@gmail.com' into text field 'xpath=//input[@id='signin-email']'.</msg>
<arg>${uname}</arg>
<arg>${username}</arg>
<doc>Types the given ``text`` into the text field identified by ``locator``.</doc>
<status status="PASS" start="2025-05-28T10:51:59.321519" elapsed="0.356701"/>
</kw>
<kw name="Input Password" owner="SeleniumLibrary">
<msg time="2025-05-28T10:51:59.680177" level="INFO">Typing password into text field 'xpath=//input[@id='signin-password']'.</msg>
<msg time="2025-05-28T10:51:59.750687" level="INFO">Temporally setting log level to: NONE</msg>
<arg>${pword}</arg>
<arg>${password}</arg>
<doc>Types the given password into the text field identified by ``locator``.</doc>
<status status="PASS" start="2025-05-28T10:51:59.679052" elapsed="0.171657"/>
</kw>
<kw name="Click Button" owner="SeleniumLibrary">
<msg time="2025-05-28T10:51:59.851024" level="INFO">Clicking button 'xpath=//button[@id='signin-submit']'.</msg>
<arg>${loginBtn}</arg>
<doc>Clicks the button identified by ``locator``.</doc>
<status status="PASS" start="2025-05-28T10:51:59.850858" elapsed="0.088373"/>
</kw>
<arg>${username}</arg>
<arg>${password}</arg>
<status status="PASS" start="2025-05-28T10:51:59.321043" elapsed="0.618368"/>
</kw>
<kw name="Verify the Home Page" owner="LoginResource">
<kw name="Wait Until Location Is" owner="SeleniumLibrary">
<arg>https://smart-cliff-admin.vercel.app/adminHome</arg>
<doc>Waits until the current URL is ``expected``.</doc>
<status status="PASS" start="2025-05-28T10:51:59.940055" elapsed="2.908577"/>
</kw>
<status status="PASS" start="2025-05-28T10:51:59.939658" elapsed="2.909124"/>
</kw>
<kw name="close the broswer session" owner="GenericResources">
<kw name="Close Browser" owner="SeleniumLibrary">
<doc>Closes the current browser.</doc>
<status status="PASS" start="2025-05-28T10:52:02.849274" elapsed="2.197307"/>
</kw>
<status status="PASS" start="2025-05-28T10:52:02.848963" elapsed="2.197826"/>
</kw>
<arg>username=Bugslayers@gmail.com</arg>
<arg>password=Bugslayers</arg>
<status status="PASS" start="2025-05-28T10:51:55.681247" elapsed="9.365665"/>
</kw>
<status status="PASS" start="2025-05-28T10:51:55.680341" elapsed="9.367109"/>
</test>
<status status="PASS" start="2025-05-28T10:51:55.335087" elapsed="9.745749"/>
</suite>
<statistics>
<total>
<stat pass="1" fail="0" skip="0">All Tests</stat>
</total>
<tag>
</tag>
<suite>
<stat name="LoginTest" id="s1" pass="1" fail="0" skip="0">LoginTest</stat>
</suite>
</statistics>
<errors>
</errors>
</robot>
